# JRE version: Java(TM) SE Runtime Environment (8.0_112-b15) (build 1.8.0_112-b15)
# Java VM: Java HotSpot(TM) 64-Bit Server VM (25.112-b15 mixed mode windows-amd64 compressed oops)
Heap:
 PSYoungGen      total 60416K, used 14521K [0x00000007bc400000, 0x00000007c0000000, 0x00000007c0000000)
  eden space 59392K, 24% used [0x00000007bc400000,0x00000007bd22e760,0x00000007bfe00000)
  from space 1024K, 0% used [0x00000007bfe00000,0x00000007bfe00000,0x00000007bff00000)
  to   space 1024K, 0% used [0x00000007bff00000,0x00000007bff00000,0x00000007c0000000)
 ParOldGen       total 217088K, used 93458K [0x0000000700000000, 0x000000070d400000, 0x00000007bc400000)
  object space 217088K, 43% used [0x0000000700000000,0x0000000705b44818,0x000000070d400000)
 Metaspace       used 79950K, capacity 80747K, committed 81456K, reserved 1118208K
  class space    used 11519K, capacity 11698K, committed 11824K, reserved 1048576K
GC Heap History (10 events):
Event: 199474.152 GC heap before
{Heap before GC invocations=1458 (full 90):
 PSYoungGen      total 60416K, used 59776K [0x00000007bc400000, 0x00000007c0000000, 0x00000007c0000000)
  eden space 59392K, 100% used [0x00000007bc400000,0x00000007bfe00000,0x00000007bfe00000)
  from space 1024K, 37% used [0x00000007bfe00000,0x00000007bfe60000,0x00000007bff00000)
  to   space 1024K, 0% used [0x00000007bff00000,0x00000007bff00000,0x00000007c0000000)
 ParOldGen       total 217088K, used 93471K [0x0000000700000000, 0x000000070d400000, 0x00000007bc400000)
  object space 217088K, 43% used [0x0000000700000000,0x0000000705b47d18,0x000000070d400000)
 Metaspace       used 79947K, capacity 80741K, committed 81456K, reserved 1118208K
  class space    used 11518K, capacity 11697K, committed 11824K, reserved 1048576K
Event: 199474.156 GC heap after
Heap after GC invocations=1458 (full 90):
 PSYoungGen      total 60416K, used 512K [0x00000007bc400000, 0x00000007c0000000, 0x00000007c0000000)
  eden space 59392K, 0% used [0x00000007bc400000,0x00000007bc400000,0x00000007bfe00000)
  from space 1024K, 50% used [0x00000007bff00000,0x00000007bff80000,0x00000007c0000000)
  to   space 1024K, 0% used [0x00000007bfe00000,0x00000007bfe00000,0x00000007bff00000)
 ParOldGen       total 217088K, used 93471K [0x0000000700000000, 0x000000070d400000, 0x00000007bc400000)
  object space 217088K, 43% used [0x0000000700000000,0x0000000705b47d18,0x000000070d400000)
 Metaspace       used 79947K, capacity 80741K, committed 81456K, reserved 1118208K
  class space    used 11518K, capacity 11697K, committed 11824K, reserved 1048576K
}
Event: 199554.899 GC heap before
{Heap before GC invocations=1459 (full 90):
 PSYoungGen      total 60416K, used 59904K [0x00000007bc400000, 0x00000007c0000000, 0x00000007c0000000)
  eden space 59392K, 100% used [0x00000007bc400000,0x00000007bfe00000,0x00000007bfe00000)
  from space 1024K, 50% used [0x00000007bff00000,0x00000007bff80000,0x00000007c0000000)
  to   space 1024K, 0% used [0x00000007bfe00000,0x00000007bfe00000,0x00000007bff00000)
 ParOldGen       total 217088K, used 93471K [0x0000000700000000, 0x000000070d400000, 0x00000007bc400000)
  object space 217088K, 43% used [0x0000000700000000,0x0000000705b47d18,0x000000070d400000)
 Metaspace       used 79947K, capacity 80741K, committed 81456K, reserved 1118208K
  class space    used 11518K, capacity 11697K, committed 11824K, reserved 1048576K
Event: 199554.903 GC heap after
Heap after GC invocations=1459 (full 90):
 PSYoungGen      total 60416K, used 480K [0x00000007bc400000, 0x00000007c0000000, 0x00000007c0000000)
  eden space 59392K, 0% used [0x00000007bc400000,0x00000007bc400000,0x00000007bfe00000)
  from space 1024K, 46% used [0x00000007bfe00000,0x00000007bfe78000,0x00000007bff00000)
  to   space 1024K, 0% used [0x00000007bff00000,0x00000007bff00000,0x00000007c0000000)
 ParOldGen       total 217088K, used 93471K [0x0000000700000000, 0x000000070d400000, 0x00000007bc400000)
  object space 217088K, 43% used [0x0000000700000000,0x0000000705b47d18,0x000000070d400000)
 Metaspace       used 79947K, capacity 80741K, committed 81456K, reserved 1118208K
  class space    used 11518K, capacity 11697K, committed 11824K, reserved 1048576K
}
Event: 199635.823 GC heap before
{Heap before GC invocations=1460 (full 90):
 PSYoungGen      total 60416K, used 59872K [0x00000007bc400000, 0x00000007c0000000, 0x00000007c0000000)
  eden space 59392K, 100% used [0x00000007bc400000,0x00000007bfe00000,0x00000007bfe00000)
  from space 1024K, 46% used [0x00000007bfe00000,0x00000007bfe78000,0x00000007bff00000)
  to   space 1024K, 0% used [0x00000007bff00000,0x00000007bff00000,0x00000007c0000000)
 ParOldGen       total 217088K, used 93471K [0x0000000700000000, 0x000000070d400000, 0x00000007bc400000)
  object space 217088K, 43% used [0x0000000700000000,0x0000000705b47d18,0x000000070d400000)
 Metaspace       used 79947K, capacity 80741K, committed 81456K, reserved 1118208K
  class space    used 11518K, capacity 11697K, committed 11824K, reserved 1048576K
Event: 199635.828 GC heap after
Heap after GC invocations=1460 (full 90):
 PSYoungGen      total 60416K, used 512K [0x00000007bc400000, 0x00000007c0000000, 0x00000007c0000000)
  eden space 59392K, 0% used [0x00000007bc400000,0x00000007bc400000,0x00000007bfe00000)
  from space 1024K, 50% used [0x00000007bff00000,0x00000007bff80000,0x00000007c0000000)
  to   space 1024K, 0% used [0x00000007bfe00000,0x00000007bfe00000,0x00000007bff00000)
 ParOldGen       total 217088K, used 93487K [0x0000000700000000, 0x000000070d400000, 0x00000007bc400000)
  object space 217088K, 43% used [0x0000000700000000,0x0000000705b4bd18,0x000000070d400000)
 Metaspace       used 79947K, capacity 80741K, committed 81456K, reserved 1118208K
  class space    used 11518K, capacity 11697K, committed 11824K, reserved 1048576K
}
Event: 205604.894 GC heap before
{Heap before GC invocations=1461 (full 90):
 PSYoungGen      total 60416K, used 58553K [0x00000007bc400000, 0x00000007c0000000, 0x00000007c0000000)
  eden space 59392K, 97% used [0x00000007bc400000,0x00000007bfcae750,0x00000007bfe00000)
  from space 1024K, 50% used [0x00000007bff00000,0x00000007bff80000,0x00000007c0000000)
  to   space 1024K, 0% used [0x00000007bfe00000,0x00000007bfe00000,0x00000007bff00000)
 ParOldGen       total 217088K, used 93487K [0x0000000700000000, 0x000000070d400000, 0x00000007bc400000)
  object space 217088K, 43% used [0x0000000700000000,0x0000000705b4bd18,0x000000070d400000)
 Metaspace       used 79947K, capacity 80741K, committed 81456K, reserved 1118208K
  class space    used 11518K, capacity 11697K, committed 11824K, reserved 1048576K
Event: 205604.905 GC heap after
Heap after GC invocations=1461 (full 90):
 PSYoungGen      total 60416K, used 288K [0x00000007bc400000, 0x00000007c0000000, 0x00000007c0000000)
  eden space 59392K, 0% used [0x00000007bc400000,0x00000007bc400000,0x00000007bfe00000)
  from space 1024K, 28% used [0x00000007bfe00000,0x00000007bfe48000,0x00000007bff00000)
  to   space 1024K, 0% used [0x00000007bff00000,0x00000007bff00000,0x00000007c0000000)
 ParOldGen       total 217088K, used 93487K [0x0000000700000000, 0x000000070d400000, 0x00000007bc400000)
  object space 217088K, 43% used [0x0000000700000000,0x0000000705b4bd18,0x000000070d400000)
 Metaspace       used 79947K, capacity 80741K, committed 81456K, reserved 1118208K
  class space    used 11518K, capacity 11697K, committed 11824K, reserved 1048576K
}
Event: 205604.905 GC heap before
{Heap before GC invocations=1462 (full 91):
 PSYoungGen      total 60416K, used 288K [0x00000007bc400000, 0x00000007c0000000, 0x00000007c0000000)
  eden space 59392K, 0% used [0x00000007bc400000,0x00000007bc400000,0x00000007bfe00000)
  from space 1024K, 28% used [0x00000007bfe00000,0x00000007bfe48000,0x00000007bff00000)
  to   space 1024K, 0% used [0x00000007bff00000,0x00000007bff00000,0x00000007c0000000)
 ParOldGen       total 217088K, used 93487K [0x0000000700000000, 0x000000070d400000, 0x00000007bc400000)
  object space 217088K, 43% used [0x0000000700000000,0x0000000705b4bd18,0x000000070d400000)
 Metaspace       used 79947K, capacity 80741K, committed 81456K, reserved 1118208K
  class space    used 11518K, capacity 11697K, committed 11824K, reserved 1048576K
Event: 205605.235 GC heap after
Heap after GC invocations=1462 (full 91):
 PSYoungGen      total 60416K, used 0K [0x00000007bc400000, 0x00000007c0000000, 0x00000007c0000000)
  eden space 59392K, 0% used [0x00000007bc400000,0x00000007bc400000,0x00000007bfe00000)
  from space 1024K, 0% used [0x00000007bfe00000,0x00000007bfe00000,0x00000007bff00000)
  to   space 1024K, 0% used [0x00000007bff00000,0x00000007bff00000,0x00000007c0000000)
 ParOldGen       total 217088K, used 93458K [0x0000000700000000, 0x000000070d400000, 0x00000007bc400000)
  object space 217088K, 43% used [0x0000000700000000,0x0000000705b44818,0x000000070d400000)
 Metaspace       used 79947K, capacity 80741K, committed 81456K, reserved 1118208K
  class space    used 11518K, capacity 11697K, committed 11824K, reserved 1048576K
}

